Looking for git in: git
Using git 2.17.1 from git
> git rev-parse --show-toplevel
> git config --get commit.template
Open repository: /home/lady/my_first_rails_app
> git status -z -u
> git symbolic-ref --short HEAD
> git rev-parse master
fatal: argumento ambiguo 'master': revisión desconocida o ruta fuera del árbol de trabajo.
Use '--' para separar las rutas de las revisiones, de esta manera:
'git <comando> [<revisión>...] -- [<archivo>...]'
> git for-each-ref --format %(refname) %(objectname) --sort -committerdate
> git remote --verbose
> git show :app/assets/config/manifest.js
> git ls-files --stage -- app/assets/config/
> git check-ignore -z --stdin
> git check-ignore -z --stdin
> git check-ignore -z --stdin
> git check-ignore -z --stdin
> git check-ignore -z --stdin
> git check-ignore -z --stdin
> git show :Gemfile.lock
> git ls-files --stage -- ./
