[02/16/19, 07:39:02:182] info: ╔═════════════════════════════════════════════════════════════════════════════════╗
[02/16/19, 07:39:02:186] info: ║      Slack 3.3.7, linux 4.15.0-45-generic on x64 at 02/16/19, 07:39:02:178      ║
[02/16/19, 07:39:02:186] info: ╚═════════════════════════════════════════════════════════════════════════════════╝
[02/16/19, 07:39:02:404] info: Initializing local storage instance at path: /home/lady/.config/Slack/local-settings.json
[02/16/19, 07:39:02:645] info: NetworkStatus: Waiting for network online…
[02/16/19, 07:39:02:847] info: TranslationLookup: locale set to es-419 for renderer
[02/16/19, 07:39:02:859] info: Read UUID from file successful
{
  "uuid": "9bb2cb9e-68ae-5494-ab69-b25f7541620e"
}
[02/16/19, 07:39:02:893] info: Store: BACKGROUND_CLIENTS_INITIALIZED
[02/16/19, 07:39:02:901] info: Store: BACKGROUND_CLIENTS_INITIALIZED true
[02/16/19, 07:39:03:575] info: NetworkStatus: Response from api.test
{
  "status": "online"
}
[02/16/19, 07:39:03:983] info: Store: SET_NETWORK_STATUS online
[02/16/19, 07:39:03:984] info: TranslationLookup: locale set to en-US for renderer
[02/16/19, 07:39:03:987] info: Store: MAIN_WINDOW_SHOWN
[02/16/19, 07:39:04:004] info: Store: ADD_WINDOW
{
  "id": 3,
  "type": "sign-in"
}
[02/16/19, 08:13:25:958] info: Store: SIGN_IN_CANCELED
[02/16/19, 08:13:25:961] info: Store: QUIT_APP
[02/16/19, 08:13:26:046] info: Store: REMOVE_WINDOW 3
[02/16/19, 08:13:26:278] info: Store: SIGN_IN_CANCELED
[02/16/19, 08:13:26:282] info: Store: REMOVE_WINDOW 3
[02/16/19, 08:13:26:293] info: Store: REMOVE_WINDOW 2
[02/16/19, 08:13:26:410] info: Store: QUIT_APP
[02/16/19, 08:13:26:411] info: Store: SIGN_IN_CANCELED
[02/16/19, 08:13:26:411] info: Store: REMOVE_WINDOW 3
[02/16/19, 08:13:27:052] info: Store: QUIT_APP
